<?xml version="1.0" encoding="UTF-8"?>
<!-- Generated by org.testng.reporters.JUnitReportReporter -->
<testsuite skipped="0" hostname="DESKTOP-QQS6MUD" name="openweather.user.User_Search" tests="2" failures="0" timestamp="24 Oct 2021 09:07:15 GMT" time="7.625" errors="0">
  <testcase name="search" time="5.916" classname="openweather.user.User_Search"/>
  <testcase name="search" time="1.709" classname="openweather.user.User_Search"/>
</testsuite> <!-- openweather.user.User_Search -->
