<?xml version="1.0" encoding="UTF-8"?>
<!-- Generated by org.testng.reporters.JUnitReportReporter -->
<testsuite skipped="0" hostname="DESKTOP-QQS6MUD" name="openweather.user.User_Search" tests="2" failures="0" timestamp="22 Oct 2021 11:49:14 GMT" time="4.475" errors="0">
  <testcase name="Search" time="1.957" classname="openweather.user.User_Search"/>
  <testcase name="Search" time="2.518" classname="openweather.user.User_Search"/>
</testsuite> <!-- openweather.user.User_Search -->
