<?xml version="1.0" encoding="UTF-8"?>
<!-- Generated by org.testng.reporters.JUnitReportReporter -->
<testsuite skipped="0" hostname="DESKTOP-QQS6MUD" name="openweather.user.User_Search" tests="2" failures="0" timestamp="22 Oct 2021 13:39:24 GMT" time="4.087" errors="0">
  <testcase name="Search" time="1.750" classname="openweather.user.User_Search"/>
  <testcase name="Search" time="2.337" classname="openweather.user.User_Search"/>
</testsuite> <!-- openweather.user.User_Search -->
