<?xml version="1.0" encoding="UTF-8"?>
<!-- Generated by org.testng.reporters.JUnitReportReporter -->
<testsuite skipped="0" hostname="DESKTOP-QQS6MUD" name="openweather.user.User_Search" tests="2" failures="0" timestamp="24 Oct 2021 04:41:11 GMT" time="4.482" errors="0">
  <testcase name="search" time="2.588" classname="openweather.user.User_Search"/>
  <testcase name="search" time="1.894" classname="openweather.user.User_Search"/>
</testsuite> <!-- openweather.user.User_Search -->
