<?xml version="1.0" encoding="UTF-8"?>
<!-- Generated by org.testng.reporters.JUnitReportReporter -->
<testsuite skipped="0" hostname="DESKTOP-QQS6MUD" name="openweather.user.User_Search" tests="2" failures="0" timestamp="21 Oct 2021 16:38:15 GMT" time="4.012" errors="0">
  <testcase name="Search" time="1.842" classname="openweather.user.User_Search"/>
  <testcase name="Search" time="2.170" classname="openweather.user.User_Search"/>
</testsuite> <!-- openweather.user.User_Search -->
